<?xml version="1.0" encoding="UTF-8"?>
<testsuite name="net.routee.authentication.RouteeAuthenticationTest" time="8.088" tests="7" errors="1" skipped="0" failures="2">
  <properties>
[...]
</properties>
  <testcase name="testInvalidBaseUrl" classname="net.routee.authentication.RouteeAuthenticationTest" time="0.004"/>
  <testcase name="testMultipleScope" classname="net.routee.authentication.RouteeAuthenticationTest" time="2.021">
    <failure type="java.lang.AssertionError:">java.lang.AssertionError: null
	at org.junit.Assert.fail(Assert.java:86)
	at org.junit.Assert.fail(Assert.java:95)
	at net.routee.authentication.RouteeAuthenticationTest.testMultipleScope(RouteeAuthenticationTest.java:79)
</failure>
  </testcase>
  <testcase name="testValidCredentails" classname="net.routee.authentication.RouteeAuthenticationTest" time="1.204">
    <failure type="java.lang.AssertionError:">java.lang.AssertionError: null
	at org.junit.Assert.fail(Assert.java:86)
	at org.junit.Assert.fail(Assert.java:95)
	at net.routee.authentication.RouteeAuthenticationTest.testValidCredentails(RouteeAuthenticationTest.java:28)
</failure>
  </testcase>
  <testcase name="testInvalidScope" classname="net.routee.authentication.RouteeAuthenticationTest" time="1.208"/>
  <testcase name="testSingleScope" classname="net.routee.authentication.RouteeAuthenticationTest" time="1.181"/>
  <testcase name="testTokenObject" classname="net.routee.authentication.RouteeAuthenticationTest" time="1.245">
    <error message="Unauthorized Bad credentials" type="net.routee.authentication.RouteeAuthenticationException">net.routee.authentication.RouteeAuthenticationException: Unauthorized Bad credentials
	at net.routee.authentication.RouteeAuthentication.getTokenObject(RouteeAuthentication.java:232)
	at net.routee.authentication.RouteeAuthenticationTest.testTokenObject(RouteeAuthenticationTest.java:105)
</error>
  </testcase>
  <testcase name="testInvalidCredentails" classname="net.routee.authentication.RouteeAuthenticationTest" time="1.225"/>
</testsuite>